2015-02-19 19:43:16,472 - Initializing Velocity, Calling init()...
2015-02-19 19:43:16,472 - Starting Apache Velocity v1.7 (compiled: 2010-11-19 12:14:37)
2015-02-19 19:43:16,472 - Default Properties File: org\apache\velocity\runtime\defaults\velocity.properties
2015-02-19 19:43:16,472 - Trying to use logger class org.apache.velocity.runtime.log.AvalonLogChute
2015-02-19 19:43:16,472 - Target log system for org.apache.velocity.runtime.log.AvalonLogChute is not available (java.lang.NoClassDefFoundError: org/apache/log/format/Formatter).  Falling back to next log system...
2015-02-19 19:43:16,472 - Trying to use logger class org.apache.velocity.runtime.log.Log4JLogChute
2015-02-19 19:43:16,472 - Using logger class org.apache.velocity.runtime.log.Log4JLogChute
2015-02-19 19:43:16,488 - ResourceLoader instantiated: org.apache.velocity.runtime.resource.loader.FileResourceLoader
2015-02-19 19:43:16,488 - Do unicode file recognition:  false
2015-02-19 19:43:16,488 - FileResourceLoader : adding path 'D:/apps/campaigns/templates/'
2015-02-19 19:43:16,503 - ResourceCache: initialized (class org.apache.velocity.runtime.resource.ResourceCacheImpl) with class java.util.Collections$SynchronizedMap cache map.
2015-02-19 19:43:16,519 - Loaded System Directive: org.apache.velocity.runtime.directive.Stop
2015-02-19 19:43:16,519 - Loaded System Directive: org.apache.velocity.runtime.directive.Define
2015-02-19 19:43:16,519 - Loaded System Directive: org.apache.velocity.runtime.directive.Break
2015-02-19 19:43:16,519 - Loaded System Directive: org.apache.velocity.runtime.directive.Evaluate
2015-02-19 19:43:16,519 - Loaded System Directive: org.apache.velocity.runtime.directive.Literal
2015-02-19 19:43:16,519 - Loaded System Directive: org.apache.velocity.runtime.directive.Macro
2015-02-19 19:43:16,519 - Loaded System Directive: org.apache.velocity.runtime.directive.Parse
2015-02-19 19:43:16,519 - Loaded System Directive: org.apache.velocity.runtime.directive.Include
2015-02-19 19:43:16,535 - Loaded System Directive: org.apache.velocity.runtime.directive.Foreach
2015-02-19 19:43:16,581 - Created '20' parsers.
2015-02-19 19:43:16,597 - Velocimacro : "velocimacro.library" is not set.  Trying default library: VM_global_library.vm
2015-02-19 19:43:16,597 - Velocimacro : Default library not found.
2015-02-19 19:43:16,597 - Velocimacro : allowInline = true : VMs can be defined inline in templates
2015-02-19 19:43:16,597 - Velocimacro : allowInlineToOverride = false : VMs defined inline may NOT replace previous VM definitions
2015-02-19 19:43:16,597 - Velocimacro : allowInlineLocal = false : VMs defined inline will be global in scope if allowed.
2015-02-19 19:43:16,597 - Velocimacro : autoload off : VM system will not automatically reload global library macros
2015-02-19 19:43:16,613 - ResourceManager : found mailTemplate.vm with loader org.apache.velocity.runtime.resource.loader.FileResourceLoader
2015-02-23 08:41:45,594 - Log4JLogChute initialized using file 'velocity.log'
2015-02-23 08:41:45,618 - Initializing Velocity, Calling init()...
2015-02-23 08:41:45,618 - Starting Apache Velocity v1.7 (compiled: 2010-11-19 12:14:37)
2015-02-23 08:41:45,618 - Default Properties File: org\apache\velocity\runtime\defaults\velocity.properties
2015-02-23 08:41:45,618 - Trying to use logger class org.apache.velocity.runtime.log.AvalonLogChute
2015-02-23 08:41:45,618 - Target log system for org.apache.velocity.runtime.log.AvalonLogChute is not available (java.lang.NoClassDefFoundError: org/apache/log/format/Formatter).  Falling back to next log system...
2015-02-23 08:41:45,618 - Trying to use logger class org.apache.velocity.runtime.log.Log4JLogChute
2015-02-23 08:41:45,618 - Using logger class org.apache.velocity.runtime.log.Log4JLogChute
2015-02-23 08:41:45,624 - ResourceLoader instantiated: org.apache.velocity.runtime.resource.loader.FileResourceLoader
2015-02-23 08:41:45,626 - Do unicode file recognition:  false
2015-02-23 08:41:45,626 - FileResourceLoader : adding path 'C:/apps/campaigns/templates/'
2015-02-23 08:41:45,637 - ResourceCache: initialized (class org.apache.velocity.runtime.resource.ResourceCacheImpl) with class java.util.Collections$SynchronizedMap cache map.
2015-02-23 08:41:45,638 - Loaded System Directive: org.apache.velocity.runtime.directive.Stop
2015-02-23 08:41:45,640 - Loaded System Directive: org.apache.velocity.runtime.directive.Define
2015-02-23 08:41:45,640 - Loaded System Directive: org.apache.velocity.runtime.directive.Break
2015-02-23 08:41:45,641 - Loaded System Directive: org.apache.velocity.runtime.directive.Evaluate
2015-02-23 08:41:45,642 - Loaded System Directive: org.apache.velocity.runtime.directive.Literal
2015-02-23 08:41:45,643 - Loaded System Directive: org.apache.velocity.runtime.directive.Macro
2015-02-23 08:41:45,645 - Loaded System Directive: org.apache.velocity.runtime.directive.Parse
2015-02-23 08:41:45,646 - Loaded System Directive: org.apache.velocity.runtime.directive.Include
2015-02-23 08:41:45,648 - Loaded System Directive: org.apache.velocity.runtime.directive.Foreach
2015-02-23 08:41:45,686 - Created '20' parsers.
2015-02-23 08:41:45,697 - Velocimacro : "velocimacro.library" is not set.  Trying default library: VM_global_library.vm
2015-02-23 08:41:45,697 - Velocimacro : Default library not found.
2015-02-23 08:41:45,697 - Velocimacro : allowInline = true : VMs can be defined inline in templates
2015-02-23 08:41:45,697 - Velocimacro : allowInlineToOverride = false : VMs defined inline may NOT replace previous VM definitions
2015-02-23 08:41:45,697 - Velocimacro : allowInlineLocal = false : VMs defined inline will be global in scope if allowed.
2015-02-23 08:41:45,697 - Velocimacro : autoload off : VM system will not automatically reload global library macros
2015-02-23 08:41:45,699 - ResourceManager : unable to find resource 'mailTemplate.vm' in any resource loader.
2015-02-23 08:43:25,353 - Log4JLogChute initialized using file 'velocity.log'
2015-02-23 08:43:25,353 - Initializing Velocity, Calling init()...
2015-02-23 08:43:25,353 - Starting Apache Velocity v1.7 (compiled: 2010-11-19 12:14:37)
2015-02-23 08:43:25,353 - Default Properties File: org\apache\velocity\runtime\defaults\velocity.properties
2015-02-23 08:43:25,353 - Trying to use logger class org.apache.velocity.runtime.log.AvalonLogChute
2015-02-23 08:43:25,353 - Target log system for org.apache.velocity.runtime.log.AvalonLogChute is not available (java.lang.NoClassDefFoundError: org/apache/log/format/Formatter).  Falling back to next log system...
2015-02-23 08:43:25,353 - Trying to use logger class org.apache.velocity.runtime.log.Log4JLogChute
2015-02-23 08:43:25,353 - Using logger class org.apache.velocity.runtime.log.Log4JLogChute
2015-02-23 08:43:25,353 - ResourceLoader instantiated: org.apache.velocity.runtime.resource.loader.FileResourceLoader
2015-02-23 08:43:25,353 - Do unicode file recognition:  false
2015-02-23 08:43:25,353 - FileResourceLoader : adding path 'C:/apps/campaigns/templates/'
2015-02-23 08:43:25,355 - ResourceCache: initialized (class org.apache.velocity.runtime.resource.ResourceCacheImpl) with class java.util.Collections$SynchronizedMap cache map.
2015-02-23 08:43:25,355 - Loaded System Directive: org.apache.velocity.runtime.directive.Stop
2015-02-23 08:43:25,355 - Loaded System Directive: org.apache.velocity.runtime.directive.Define
2015-02-23 08:43:25,355 - Loaded System Directive: org.apache.velocity.runtime.directive.Break
2015-02-23 08:43:25,355 - Loaded System Directive: org.apache.velocity.runtime.directive.Evaluate
2015-02-23 08:43:25,355 - Loaded System Directive: org.apache.velocity.runtime.directive.Literal
2015-02-23 08:43:25,355 - Loaded System Directive: org.apache.velocity.runtime.directive.Macro
2015-02-23 08:43:25,355 - Loaded System Directive: org.apache.velocity.runtime.directive.Parse
2015-02-23 08:43:25,355 - Loaded System Directive: org.apache.velocity.runtime.directive.Include
2015-02-23 08:43:25,355 - Loaded System Directive: org.apache.velocity.runtime.directive.Foreach
2015-02-23 08:43:25,357 - Created '20' parsers.
2015-02-23 08:43:25,357 - Velocimacro : "velocimacro.library" is not set.  Trying default library: VM_global_library.vm
2015-02-23 08:43:25,357 - Velocimacro : Default library not found.
2015-02-23 08:43:25,357 - Velocimacro : allowInline = true : VMs can be defined inline in templates
2015-02-23 08:43:25,357 - Velocimacro : allowInlineToOverride = false : VMs defined inline may NOT replace previous VM definitions
2015-02-23 08:43:25,357 - Velocimacro : allowInlineLocal = false : VMs defined inline will be global in scope if allowed.
2015-02-23 08:43:25,357 - Velocimacro : autoload off : VM system will not automatically reload global library macros
2015-02-23 08:43:25,357 - ResourceManager : unable to find resource 'mailTemplate.vm' in any resource loader.
2015-02-23 08:46:21,882 - Log4JLogChute initialized using file 'velocity.log'
2015-02-23 08:46:21,882 - Initializing Velocity, Calling init()...
2015-02-23 08:46:21,882 - Starting Apache Velocity v1.7 (compiled: 2010-11-19 12:14:37)
2015-02-23 08:46:21,882 - Default Properties File: org\apache\velocity\runtime\defaults\velocity.properties
2015-02-23 08:46:21,882 - Trying to use logger class org.apache.velocity.runtime.log.AvalonLogChute
2015-02-23 08:46:21,882 - Target log system for org.apache.velocity.runtime.log.AvalonLogChute is not available (java.lang.NoClassDefFoundError: org/apache/log/format/Formatter).  Falling back to next log system...
2015-02-23 08:46:21,882 - Trying to use logger class org.apache.velocity.runtime.log.Log4JLogChute
2015-02-23 08:46:21,882 - Using logger class org.apache.velocity.runtime.log.Log4JLogChute
2015-02-23 08:46:21,887 - ResourceLoader instantiated: org.apache.velocity.runtime.resource.loader.FileResourceLoader
2015-02-23 08:46:21,889 - Do unicode file recognition:  false
2015-02-23 08:46:21,889 - FileResourceLoader : adding path 'D:/apps/campaigns/templates/'
2015-02-23 08:46:21,897 - ResourceCache: initialized (class org.apache.velocity.runtime.resource.ResourceCacheImpl) with class java.util.Collections$SynchronizedMap cache map.
2015-02-23 08:46:21,898 - Loaded System Directive: org.apache.velocity.runtime.directive.Stop
2015-02-23 08:46:21,900 - Loaded System Directive: org.apache.velocity.runtime.directive.Define
2015-02-23 08:46:21,900 - Loaded System Directive: org.apache.velocity.runtime.directive.Break
2015-02-23 08:46:21,901 - Loaded System Directive: org.apache.velocity.runtime.directive.Evaluate
2015-02-23 08:46:21,902 - Loaded System Directive: org.apache.velocity.runtime.directive.Literal
2015-02-23 08:46:21,903 - Loaded System Directive: org.apache.velocity.runtime.directive.Macro
2015-02-23 08:46:21,904 - Loaded System Directive: org.apache.velocity.runtime.directive.Parse
2015-02-23 08:46:21,906 - Loaded System Directive: org.apache.velocity.runtime.directive.Include
2015-02-23 08:46:21,907 - Loaded System Directive: org.apache.velocity.runtime.directive.Foreach
2015-02-23 08:46:21,938 - Created '20' parsers.
2015-02-23 08:46:21,945 - Velocimacro : "velocimacro.library" is not set.  Trying default library: VM_global_library.vm
2015-02-23 08:46:21,945 - Velocimacro : Default library not found.
2015-02-23 08:46:21,945 - Velocimacro : allowInline = true : VMs can be defined inline in templates
2015-02-23 08:46:21,945 - Velocimacro : allowInlineToOverride = false : VMs defined inline may NOT replace previous VM definitions
2015-02-23 08:46:21,945 - Velocimacro : allowInlineLocal = false : VMs defined inline will be global in scope if allowed.
2015-02-23 08:46:21,945 - Velocimacro : autoload off : VM system will not automatically reload global library macros
2015-02-23 08:46:21,957 - ResourceManager : found mailTemplate.vm with loader org.apache.velocity.runtime.resource.loader.FileResourceLoader
2015-02-23 08:46:21,959 - Null reference [template 'mailTemplate.vm', line 11, column 3] : $content cannot be resolved.
2015-02-23 08:53:41,349 - Log4JLogChute initialized using file 'velocity.log'
2015-02-23 08:53:41,349 - Initializing Velocity, Calling init()...
2015-02-23 08:53:41,349 - Starting Apache Velocity v1.7 (compiled: 2010-11-19 12:14:37)
2015-02-23 08:53:41,349 - Default Properties File: org\apache\velocity\runtime\defaults\velocity.properties
2015-02-23 08:53:41,349 - Trying to use logger class org.apache.velocity.runtime.log.AvalonLogChute
2015-02-23 08:53:41,349 - Target log system for org.apache.velocity.runtime.log.AvalonLogChute is not available (java.lang.NoClassDefFoundError: org/apache/log/format/Formatter).  Falling back to next log system...
2015-02-23 08:53:41,349 - Trying to use logger class org.apache.velocity.runtime.log.Log4JLogChute
2015-02-23 08:53:41,349 - Using logger class org.apache.velocity.runtime.log.Log4JLogChute
2015-02-23 08:53:41,355 - ResourceLoader instantiated: org.apache.velocity.runtime.resource.loader.FileResourceLoader
2015-02-23 08:53:41,356 - Do unicode file recognition:  false
2015-02-23 08:53:41,356 - FileResourceLoader : adding path 'D:/apps/campaigns/templates/'
2015-02-23 08:53:41,365 - ResourceCache: initialized (class org.apache.velocity.runtime.resource.ResourceCacheImpl) with class java.util.Collections$SynchronizedMap cache map.
2015-02-23 08:53:41,366 - Loaded System Directive: org.apache.velocity.runtime.directive.Stop
2015-02-23 08:53:41,367 - Loaded System Directive: org.apache.velocity.runtime.directive.Define
2015-02-23 08:53:41,368 - Loaded System Directive: org.apache.velocity.runtime.directive.Break
2015-02-23 08:53:41,369 - Loaded System Directive: org.apache.velocity.runtime.directive.Evaluate
2015-02-23 08:53:41,370 - Loaded System Directive: org.apache.velocity.runtime.directive.Literal
2015-02-23 08:53:41,371 - Loaded System Directive: org.apache.velocity.runtime.directive.Macro
2015-02-23 08:53:41,372 - Loaded System Directive: org.apache.velocity.runtime.directive.Parse
2015-02-23 08:53:41,374 - Loaded System Directive: org.apache.velocity.runtime.directive.Include
2015-02-23 08:53:41,375 - Loaded System Directive: org.apache.velocity.runtime.directive.Foreach
2015-02-23 08:53:41,405 - Created '20' parsers.
2015-02-23 08:53:41,412 - Velocimacro : "velocimacro.library" is not set.  Trying default library: VM_global_library.vm
2015-02-23 08:53:41,413 - Velocimacro : Default library not found.
2015-02-23 08:53:41,413 - Velocimacro : allowInline = true : VMs can be defined inline in templates
2015-02-23 08:53:41,413 - Velocimacro : allowInlineToOverride = false : VMs defined inline may NOT replace previous VM definitions
2015-02-23 08:53:41,413 - Velocimacro : allowInlineLocal = false : VMs defined inline will be global in scope if allowed.
2015-02-23 08:53:41,413 - Velocimacro : autoload off : VM system will not automatically reload global library macros
2015-02-23 08:53:41,422 - ResourceManager : found mailTemplate.vm with loader org.apache.velocity.runtime.resource.loader.FileResourceLoader
2015-02-23 08:53:41,424 - Null reference [template 'mailTemplate.vm', line 11, column 3] : $content cannot be resolved.
2015-02-23 08:57:06,282 - Log4JLogChute initialized using file 'velocity.log'
2015-02-23 08:57:06,282 - Initializing Velocity, Calling init()...
2015-02-23 08:57:06,282 - Starting Apache Velocity v1.7 (compiled: 2010-11-19 12:14:37)
2015-02-23 08:57:06,282 - Default Properties File: org\apache\velocity\runtime\defaults\velocity.properties
2015-02-23 08:57:06,282 - Trying to use logger class org.apache.velocity.runtime.log.AvalonLogChute
2015-02-23 08:57:06,282 - Target log system for org.apache.velocity.runtime.log.AvalonLogChute is not available (java.lang.NoClassDefFoundError: org/apache/log/format/Formatter).  Falling back to next log system...
2015-02-23 08:57:06,282 - Trying to use logger class org.apache.velocity.runtime.log.Log4JLogChute
2015-02-23 08:57:06,282 - Using logger class org.apache.velocity.runtime.log.Log4JLogChute
2015-02-23 08:57:06,291 - ResourceLoader instantiated: org.apache.velocity.runtime.resource.loader.FileResourceLoader
2015-02-23 08:57:06,293 - Do unicode file recognition:  false
2015-02-23 08:57:06,293 - FileResourceLoader : adding path 'D:/apps/campaigns/templates/'
2015-02-23 08:57:06,308 - ResourceCache: initialized (class org.apache.velocity.runtime.resource.ResourceCacheImpl) with class java.util.Collections$SynchronizedMap cache map.
2015-02-23 08:57:06,313 - Loaded System Directive: org.apache.velocity.runtime.directive.Stop
2015-02-23 08:57:06,315 - Loaded System Directive: org.apache.velocity.runtime.directive.Define
2015-02-23 08:57:06,316 - Loaded System Directive: org.apache.velocity.runtime.directive.Break
2015-02-23 08:57:06,318 - Loaded System Directive: org.apache.velocity.runtime.directive.Evaluate
2015-02-23 08:57:06,319 - Loaded System Directive: org.apache.velocity.runtime.directive.Literal
2015-02-23 08:57:06,321 - Loaded System Directive: org.apache.velocity.runtime.directive.Macro
2015-02-23 08:57:06,323 - Loaded System Directive: org.apache.velocity.runtime.directive.Parse
2015-02-23 08:57:06,325 - Loaded System Directive: org.apache.velocity.runtime.directive.Include
2015-02-23 08:57:06,327 - Loaded System Directive: org.apache.velocity.runtime.directive.Foreach
2015-02-23 08:57:06,371 - Created '20' parsers.
2015-02-23 08:57:06,379 - Velocimacro : "velocimacro.library" is not set.  Trying default library: VM_global_library.vm
2015-02-23 08:57:06,379 - Velocimacro : Default library not found.
2015-02-23 08:57:06,379 - Velocimacro : allowInline = true : VMs can be defined inline in templates
2015-02-23 08:57:06,379 - Velocimacro : allowInlineToOverride = false : VMs defined inline may NOT replace previous VM definitions
2015-02-23 08:57:06,379 - Velocimacro : allowInlineLocal = false : VMs defined inline will be global in scope if allowed.
2015-02-23 08:57:06,379 - Velocimacro : autoload off : VM system will not automatically reload global library macros
2015-02-23 08:57:06,389 - ResourceManager : found mailTemplate.vm with loader org.apache.velocity.runtime.resource.loader.FileResourceLoader
